<?xml version="1.0" encoding="UTF-8"?>
<testsuites name="Regression" time="23.317" tests="3" failures="0" errors="0">
   <testsuite name="Regression" tests="3" failures="0" errors="0" time="23.317" skipped="0" timestamp="2026-01-17 11:43:01" hostname="qan840 - SVNSGNL209491.btl.bollore.com" id="Test Suites/Regression">
      <properties>
         <property name="deviceName" value=""/>
         <property name="devicePlatform" value=""/>
         <property name="logFolder" value="C:\\Users\\QAN840\\Katalon Studio\\LibreNMS-Katalon-POC\\Reports\\20260117_114259\\Regression\\20260117_114259"/>
         <property name="logFiles" value="C:\\Users\\QAN840\\Katalon Studio\\LibreNMS-Katalon-POC\\Reports\\20260117_114259\\Regression\\20260117_114259\\execution0.log"/>
         <property name="attachments" value="C:\\Users\\QAN840\\Katalon Studio\\LibreNMS-Katalon-POC\\Reports\\20260117_114259\\Regression\\20260117_114259\\1768624999357.png, C:\\Users\\QAN840\\Katalon Studio\\LibreNMS-Katalon-POC\\Reports\\20260117_114259\\Regression\\20260117_114259\\Reports/Test_Cases_Main_Test_Cases_TC03_Hybrid_Data_Injection_PASSED.png"/>
         <property name="hostName" value="qan840 - SVNSGNL209491.btl.bollore.com"/>
         <property name="os" value="Windows 10 64bit"/>
         <property name="katalonVersion" value="8.6.0.208"/>
         <property name="browser" value="Chrome 143.0.0.0"/>
         <property name="hostAddress" value="192.168.88.118"/>
         <property name="sessionId" value="6fe49b5d51b34855566d40ace2d2d5a8"/>
         <property name="seleniumVersion" value="3.141.59"/>
         <property name="proxyInformation" value="ProxyInformation { proxyOption=NO_PROXY, proxyServerType=HTTP, username=, password=********, proxyServerAddress=, proxyServerPort=0, executionList=&quot;&quot;, isApplyToDesiredCapabilities=true }"/>
         <property name="platform" value="Windows 10"/>
      </properties>
      <testcase name="Test Cases/Main Test Cases/TC01_Dynamic_Device_Table" time="7.623" classname="Test Cases/Main Test Cases/TC01_Dynamic_Device_Table" status="PASSED">
         <system-out><![CDATA[2026-01-17 11:43:01 - [TEST_CASE][PASSED] - Test Cases/Main Test Cases/TC01_Dynamic_Device_Table: Test Cases/Main Test Cases/TC01_Dynamic_Device_Table

2026-01-17 11:43:01 - [TEST_STEP][PASSED] - Start listener action : beforeTestCase: Object 'Object Repository/Menu/menu_devices' is present

2026-01-17 11:43:01 - [TEST_STEP][PASSED] - openBrowser(""): Browser is opened with url: ''

2026-01-17 11:43:01 - [MESSAGE][INFO] - Starting 'Chrome' driver

2026-01-17 11:43:01 - [MESSAGE][INFO] - Action delay is set to 0 milliseconds

2026-01-17 11:43:03 - [MESSAGE][PASSED] - Browser is opened with url: ''

2026-01-17 11:43:03 - [TEST_STEP][PASSED] - maximizeWindow(): Current window maximized

2026-01-17 11:43:03 - [MESSAGE][PASSED] - Current window maximized

2026-01-17 11:43:03 - [TEST_STEP][PASSED] - navigateToUrl("https://demo.librenms.org"): Navigate to 'https://demo.librenms.org' successfully

2026-01-17 11:43:05 - [MESSAGE][PASSED] - Navigate to 'https://demo.librenms.org' successfully

2026-01-17 11:43:05 - [TEST_STEP][PASSED] - setText(findTestObject("Login/input_username"), "demo"): Text 'demo' is set on object 'Object Repository/Login/input_username'

2026-01-17 11:43:05 - [MESSAGE][PASSED] - Text 'demo' is set on object 'Object Repository/Login/input_username'

2026-01-17 11:43:05 - [TEST_STEP][PASSED] - setText(findTestObject("Login/input_password"), "demouser"): Text 'demouser' is set on object 'Object Repository/Login/input_password'

2026-01-17 11:43:06 - [MESSAGE][PASSED] - Text 'demouser' is set on object 'Object Repository/Login/input_password'

2026-01-17 11:43:06 - [TEST_STEP][PASSED] - click(findTestObject("Login/button_login")): Object: 'Object Repository/Login/button_login' is clicked on

2026-01-17 11:43:07 - [MESSAGE][PASSED] - Object: 'Object Repository/Login/button_login' is clicked on

2026-01-17 11:43:07 - [TEST_STEP][PASSED] - verifyElementPresent(findTestObject("Menu/menu_devices"), 10): Object 'Object Repository/Menu/menu_devices' is present

2026-01-17 11:43:07 - [MESSAGE][PASSED] - Object 'Object Repository/Menu/menu_devices' is present

2026-01-17 11:43:07 - [TEST_STEP][PASSED] - devicesMenu = TestObject().addProperty("xpath", EQUALS, "//a[contains(@href,'devices')]"): null

2026-01-17 11:43:07 - [TEST_STEP][PASSED] - waitForElementClickable(devicesMenu, 30): Object '' is clickable

2026-01-17 11:43:07 - [MESSAGE][PASSED] - Object '' is clickable

2026-01-17 11:43:07 - [TEST_STEP][PASSED] - click(devicesMenu): Object: '' is clicked on

2026-01-17 11:43:07 - [MESSAGE][PASSED] - Object: '' is clicked on

2026-01-17 11:43:07 - [TEST_STEP][PASSED] - waitForPageLoad(30): Wait for page load successfully

2026-01-17 11:43:08 - [MESSAGE][PASSED] - Wait for page load successfully

2026-01-17 11:43:08 - [TEST_STEP][PASSED] - loaded = executeJavaScript("return document.body.innerText.toLowerCase().includes('device');", null): Execute JavaScript 'return document.body.innerText.toLowerCase().includes('device');' successfully

2026-01-17 11:43:08 - [MESSAGE][PASSED] - Execute JavaScript 'return document.body.innerText.toLowerCase().includes('device');' successfully

2026-01-17 11:43:08 - [TEST_STEP][PASSED] - assert loaded == true : "Devices page not loaded": null

2026-01-17 11:43:08 - [TEST_STEP][PASSED] - closeBrowser(): Browser is closed

2026-01-17 11:43:08 - [MESSAGE][PASSED] - Browser is closed

2026-01-17 11:43:08 - [TEST_STEP][ERROR] - Start listener action : takeScreenshot: com.kms.katalon.core.exception.StepFailedException: Cannot take screenshot
	at com.kms.katalon.core.webui.keyword.internal.WebUIKeywordMain.stepFailed(WebUIKeywordMain.groovy:64)
	at com.kms.katalon.core.webui.keyword.internal.WebUIKeywordMain.runKeyword(WebUIKeywordMain.groovy:26)
	at com.kms.katalon.core.webui.keyword.builtin.TakeScreenshotKeyword.takeScreenshot(TakeScreenshotKeyword.groovy:126)
	at com.kms.katalon.core.webui.keyword.builtin.TakeScreenshotKeyword.execute(TakeScreenshotKeyword.groovy:84)
	at com.kms.katalon.core.keyword.internal.KeywordExecutor.executeKeywordForPlatform(KeywordExecutor.groovy:74)
	at com.kms.katalon.core.webui.keyword.WebUiBuiltInKeywords.takeScreenshot(WebUiBuiltInKeywords.groovy:2927)
	at com.kms.katalon.core.webui.keyword.WebUiBuiltInKeywords$takeScreenshot$9.call(Unknown Source)
	at TestListener.takeScreenshot(TestListener.groovy:25)
	at TestListener.invokeMethod(TestListener.groovy)
	at com.kms.katalon.core.context.internal.TestHooker.invokeMethod(TestHooker.java:111)
	at com.kms.katalon.core.context.internal.TestHooker.lambda$3(TestHooker.java:95)
	at com.kms.katalon.core.context.internal.TestHooker.invokeContextMethods(TestHooker.java:94)
	at com.kms.katalon.core.context.internal.TestListenerCollector.lambda$3(TestListenerCollector.java:88)
	at com.kms.katalon.core.context.internal.TestListenerCollector.handleListenerEvent(TestListenerCollector.java:85)
	at com.kms.katalon.core.context.internal.ExecutionEventManager.publicEvent(ExecutionEventManager.java:36)
	at com.kms.katalon.core.main.TestCaseExecutor.execute(TestCaseExecutor.java:315)
	at com.kms.katalon.core.common.CommonExecutor.accessTestCaseMainPhase(CommonExecutor.java:65)
	at com.kms.katalon.core.main.TestSuiteExecutor.accessTestSuiteMainPhase(TestSuiteExecutor.java:148)
	at com.kms.katalon.core.main.TestSuiteExecutor.execute(TestSuiteExecutor.java:106)
	at com.kms.katalon.core.main.TestCaseMain.startTestSuite(TestCaseMain.java:187)
	at com.kms.katalon.core.main.TestCaseMain$startTestSuite$0.call(Unknown Source)
	at TempTestSuite1768624979379.run(TempTestSuite1768624979379.groovy:36)
Caused by: org.openqa.selenium.NoSuchSessionException: Session ID is null. Using WebDriver after calling quit()?
Build info: version: '3.141.59', revision: 'e82be7d358', time: '2018-11-14T08:25:53'
System info: host: 'SVNSGNL209491', ip: '192.168.88.118', os.name: 'Windows 10', os.arch: 'amd64', os.version: '10.0', java.version: '1.8.0_282'
Driver info: driver.version: RemoteWebDriver
	at org.openqa.selenium.remote.HttpCommandExecutor.execute(HttpCommandExecutor.java:125)
	at org.openqa.selenium.remote.service.DriverCommandExecutor.execute(DriverCommandExecutor.java:83)
	at org.openqa.selenium.remote.RemoteWebDriver.execute(RemoteWebDriver.java:552)
	at com.kms.katalon.selenium.driver.CChromeDriver.execute(CChromeDriver.java:19)
	at org.openqa.selenium.remote.RemoteWebDriver.execute(RemoteWebDriver.java:609)
	at org.openqa.selenium.remote.RemoteWebDriver.getScreenshotAs(RemoteWebDriver.java:295)
	at com.kms.katalon.core.webui.util.FileUtil.takeDefaultScreenshot(FileUtil.java:333)
	at com.kms.katalon.core.webui.util.FileUtil.takesScreenshot(FileUtil.java:58)
	at com.kms.katalon.core.webui.keyword.builtin.TakeScreenshotKeyword$_takeScreenshot_closure1.doCall(TakeScreenshotKeyword.groovy:127)
	at com.kms.katalon.core.webui.keyword.builtin.TakeScreenshotKeyword$_takeScreenshot_closure1.call(TakeScreenshotKeyword.groovy)
	at com.kms.katalon.core.webui.keyword.internal.WebUIKeywordMain.runKeyword(WebUIKeywordMain.groovy:20)
	... 20 more


2026-01-17 11:43:08 - [TEST_STEP][PASSED] - status = testCaseContext.getTestCaseStatus(): null

2026-01-17 11:43:08 - [TEST_STEP][PASSED] - tcName = getTestCaseId().replaceAll("[^a-zA-Z0-9]", "_"): null

2026-01-17 11:43:08 - [TEST_STEP][PASSED] - fileName = tcName + "_" + status + ".png": null

2026-01-17 11:43:08 - [TEST_STEP][ERROR] - takeScreenshot("Reports/" + fileName): com.kms.katalon.core.exception.StepFailedException: Cannot take screenshot
	at com.kms.katalon.core.webui.keyword.internal.WebUIKeywordMain.stepFailed(WebUIKeywordMain.groovy:64)
	at com.kms.katalon.core.webui.keyword.internal.WebUIKeywordMain.runKeyword(WebUIKeywordMain.groovy:26)
	at com.kms.katalon.core.webui.keyword.builtin.TakeScreenshotKeyword.takeScreenshot(TakeScreenshotKeyword.groovy:126)
	at com.kms.katalon.core.webui.keyword.builtin.TakeScreenshotKeyword.execute(TakeScreenshotKeyword.groovy:84)
	at com.kms.katalon.core.keyword.internal.KeywordExecutor.executeKeywordForPlatform(KeywordExecutor.groovy:74)
	at com.kms.katalon.core.webui.keyword.WebUiBuiltInKeywords.takeScreenshot(WebUiBuiltInKeywords.groovy:2927)
	at com.kms.katalon.core.webui.keyword.WebUiBuiltInKeywords$takeScreenshot$9.call(Unknown Source)
	at TestListener.takeScreenshot(TestListener.groovy:25)
	at TestListener.invokeMethod(TestListener.groovy)
	at com.kms.katalon.core.context.internal.TestHooker.invokeMethod(TestHooker.java:111)
	at com.kms.katalon.core.context.internal.TestHooker.lambda$3(TestHooker.java:95)
	at com.kms.katalon.core.context.internal.TestHooker.invokeContextMethods(TestHooker.java:94)
	at com.kms.katalon.core.context.internal.TestListenerCollector.lambda$3(TestListenerCollector.java:88)
	at com.kms.katalon.core.context.internal.TestListenerCollector.handleListenerEvent(TestListenerCollector.java:85)
	at com.kms.katalon.core.context.internal.ExecutionEventManager.publicEvent(ExecutionEventManager.java:36)
	at com.kms.katalon.core.main.TestCaseExecutor.execute(TestCaseExecutor.java:315)
	at com.kms.katalon.core.common.CommonExecutor.accessTestCaseMainPhase(CommonExecutor.java:65)
	at com.kms.katalon.core.main.TestSuiteExecutor.accessTestSuiteMainPhase(TestSuiteExecutor.java:148)
	at com.kms.katalon.core.main.TestSuiteExecutor.execute(TestSuiteExecutor.java:106)
	at com.kms.katalon.core.main.TestCaseMain.startTestSuite(TestCaseMain.java:187)
	at com.kms.katalon.core.main.TestCaseMain$startTestSuite$0.call(Unknown Source)
	at TempTestSuite1768624979379.run(TempTestSuite1768624979379.groovy:36)
Caused by: org.openqa.selenium.NoSuchSessionException: Session ID is null. Using WebDriver after calling quit()?
Build info: version: '3.141.59', revision: 'e82be7d358', time: '2018-11-14T08:25:53'
System info: host: 'SVNSGNL209491', ip: '192.168.88.118', os.name: 'Windows 10', os.arch: 'amd64', os.version: '10.0', java.version: '1.8.0_282'
Driver info: driver.version: RemoteWebDriver
	at org.openqa.selenium.remote.HttpCommandExecutor.execute(HttpCommandExecutor.java:125)
	at org.openqa.selenium.remote.service.DriverCommandExecutor.execute(DriverCommandExecutor.java:83)
	at org.openqa.selenium.remote.RemoteWebDriver.execute(RemoteWebDriver.java:552)
	at com.kms.katalon.selenium.driver.CChromeDriver.execute(CChromeDriver.java:19)
	at org.openqa.selenium.remote.RemoteWebDriver.execute(RemoteWebDriver.java:609)
	at org.openqa.selenium.remote.RemoteWebDriver.getScreenshotAs(RemoteWebDriver.java:295)
	at com.kms.katalon.core.webui.util.FileUtil.takeDefaultScreenshot(FileUtil.java:333)
	at com.kms.katalon.core.webui.util.FileUtil.takesScreenshot(FileUtil.java:58)
	at com.kms.katalon.core.webui.keyword.builtin.TakeScreenshotKeyword$_takeScreenshot_closure1.doCall(TakeScreenshotKeyword.groovy:127)
	at com.kms.katalon.core.webui.keyword.builtin.TakeScreenshotKeyword$_takeScreenshot_closure1.call(TakeScreenshotKeyword.groovy)
	at com.kms.katalon.core.webui.keyword.internal.WebUIKeywordMain.runKeyword(WebUIKeywordMain.groovy:20)
	... 20 more


2026-01-17 11:43:08 - [MESSAGE][FAILED] - Cannot take screenshot (Root cause: com.kms.katalon.core.exception.StepFailedException: Cannot take screenshot
	at com.kms.katalon.core.webui.keyword.internal.WebUIKeywordMain.stepFailed(WebUIKeywordMain.groovy:64)
	at com.kms.katalon.core.webui.keyword.internal.WebUIKeywordMain.runKeyword(WebUIKeywordMain.groovy:26)
	at com.kms.katalon.core.webui.keyword.builtin.TakeScreenshotKeyword.takeScreenshot(TakeScreenshotKeyword.groovy:126)
	at com.kms.katalon.core.webui.keyword.builtin.TakeScreenshotKeyword.execute(TakeScreenshotKeyword.groovy:84)
	at com.kms.katalon.core.keyword.internal.KeywordExecutor.executeKeywordForPlatform(KeywordExecutor.groovy:74)
	at com.kms.katalon.core.webui.keyword.WebUiBuiltInKeywords.takeScreenshot(WebUiBuiltInKeywords.groovy:2927)
	at com.kms.katalon.core.webui.keyword.WebUiBuiltInKeywords$takeScreenshot$9.call(Unknown Source)
	at TestListener.takeScreenshot(TestListener.groovy:25)
	at TestListener.invokeMethod(TestListener.groovy)
	at com.kms.katalon.core.context.internal.TestHooker.invokeMethod(TestHooker.java:111)
	at com.kms.katalon.core.context.internal.TestHooker.lambda$3(TestHooker.java:95)
	at com.kms.katalon.core.context.internal.TestHooker.invokeContextMethods(TestHooker.java:94)
	at com.kms.katalon.core.context.internal.TestListenerCollector.lambda$3(TestListenerCollector.java:88)
	at com.kms.katalon.core.context.internal.TestListenerCollector.handleListenerEvent(TestListenerCollector.java:85)
	at com.kms.katalon.core.context.internal.ExecutionEventManager.publicEvent(ExecutionEventManager.java:36)
	at com.kms.katalon.core.main.TestCaseExecutor.execute(TestCaseExecutor.java:315)
	at com.kms.katalon.core.common.CommonExecutor.accessTestCaseMainPhase(CommonExecutor.java:65)
	at com.kms.katalon.core.main.TestSuiteExecutor.accessTestSuiteMainPhase(TestSuiteExecutor.java:148)
	at com.kms.katalon.core.main.TestSuiteExecutor.execute(TestSuiteExecutor.java:106)
	at com.kms.katalon.core.main.TestCaseMain.startTestSuite(TestCaseMain.java:187)
	at com.kms.katalon.core.main.TestCaseMain$startTestSuite$0.call(Unknown Source)
	at TempTestSuite1768624979379.run(TempTestSuite1768624979379.groovy:36)
Caused by: org.openqa.selenium.NoSuchSessionException: Session ID is null. Using WebDriver after calling quit()?
Build info: version: '3.141.59', revision: 'e82be7d358', time: '2018-11-14T08:25:53'
System info: host: 'SVNSGNL209491', ip: '192.168.88.118', os.name: 'Windows 10', os.arch: 'amd64', os.version: '10.0', java.version: '1.8.0_282'
Driver info: driver.version: RemoteWebDriver
	at org.openqa.selenium.remote.HttpCommandExecutor.execute(HttpCommandExecutor.java:125)
	at org.openqa.selenium.remote.service.DriverCommandExecutor.execute(DriverCommandExecutor.java:83)
	at org.openqa.selenium.remote.RemoteWebDriver.execute(RemoteWebDriver.java:552)
	at com.kms.katalon.selenium.driver.CChromeDriver.execute(CChromeDriver.java:19)
	at org.openqa.selenium.remote.RemoteWebDriver.execute(RemoteWebDriver.java:609)
	at org.openqa.selenium.remote.RemoteWebDriver.getScreenshotAs(RemoteWebDriver.java:295)
	at com.kms.katalon.core.webui.util.FileUtil.takeDefaultScreenshot(FileUtil.java:333)
	at com.kms.katalon.core.webui.util.FileUtil.takesScreenshot(FileUtil.java:58)
	at com.kms.katalon.core.webui.keyword.builtin.TakeScreenshotKeyword$_takeScreenshot_closure1.doCall(TakeScreenshotKeyword.groovy:127)
	at com.kms.katalon.core.webui.keyword.builtin.TakeScreenshotKeyword$_takeScreenshot_closure1.call(TakeScreenshotKeyword.groovy)
	at com.kms.katalon.core.webui.keyword.internal.WebUIKeywordMain.runKeyword(WebUIKeywordMain.groovy:20)
	... 20 more
)

2026-01-17 11:43:08 - [MESSAGE][ERROR] - com.kms.katalon.core.exception.StepFailedException: Cannot take screenshot
	at com.kms.katalon.core.webui.keyword.internal.WebUIKeywordMain.stepFailed(WebUIKeywordMain.groovy:64)
	at com.kms.katalon.core.webui.keyword.internal.WebUIKeywordMain.runKeyword(WebUIKeywordMain.groovy:26)
	at com.kms.katalon.core.webui.keyword.builtin.TakeScreenshotKeyword.takeScreenshot(TakeScreenshotKeyword.groovy:126)
	at com.kms.katalon.core.webui.keyword.builtin.TakeScreenshotKeyword.execute(TakeScreenshotKeyword.groovy:84)
	at com.kms.katalon.core.keyword.internal.KeywordExecutor.executeKeywordForPlatform(KeywordExecutor.groovy:74)
	at com.kms.katalon.core.webui.keyword.WebUiBuiltInKeywords.takeScreenshot(WebUiBuiltInKeywords.groovy:2927)
	at com.kms.katalon.core.webui.keyword.WebUiBuiltInKeywords$takeScreenshot$9.call(Unknown Source)
	at TestListener.takeScreenshot(TestListener.groovy:25)
	at TestListener.invokeMethod(TestListener.groovy)
	at com.kms.katalon.core.context.internal.TestHooker.invokeMethod(TestHooker.java:111)
	at com.kms.katalon.core.context.internal.TestHooker.lambda$3(TestHooker.java:95)
	at com.kms.katalon.core.context.internal.TestHooker.invokeContextMethods(TestHooker.java:94)
	at com.kms.katalon.core.context.internal.TestListenerCollector.lambda$3(TestListenerCollector.java:88)
	at com.kms.katalon.core.context.internal.TestListenerCollector.handleListenerEvent(TestListenerCollector.java:85)
	at com.kms.katalon.core.context.internal.ExecutionEventManager.publicEvent(ExecutionEventManager.java:36)
	at com.kms.katalon.core.main.TestCaseExecutor.execute(TestCaseExecutor.java:315)
	at com.kms.katalon.core.common.CommonExecutor.accessTestCaseMainPhase(CommonExecutor.java:65)
	at com.kms.katalon.core.main.TestSuiteExecutor.accessTestSuiteMainPhase(TestSuiteExecutor.java:148)
	at com.kms.katalon.core.main.TestSuiteExecutor.execute(TestSuiteExecutor.java:106)
	at com.kms.katalon.core.main.TestCaseMain.startTestSuite(TestCaseMain.java:187)
	at com.kms.katalon.core.main.TestCaseMain$startTestSuite$0.call(Unknown Source)
	at TempTestSuite1768624979379.run(TempTestSuite1768624979379.groovy:36)
Caused by: org.openqa.selenium.NoSuchSessionException: Session ID is null. Using WebDriver after calling quit()?
Build info: version: '3.141.59', revision: 'e82be7d358', time: '2018-11-14T08:25:53'
System info: host: 'SVNSGNL209491', ip: '192.168.88.118', os.name: 'Windows 10', os.arch: 'amd64', os.version: '10.0', java.version: '1.8.0_282'
Driver info: driver.version: RemoteWebDriver
	at org.openqa.selenium.remote.HttpCommandExecutor.execute(HttpCommandExecutor.java:125)
	at org.openqa.selenium.remote.service.DriverCommandExecutor.execute(DriverCommandExecutor.java:83)
	at org.openqa.selenium.remote.RemoteWebDriver.execute(RemoteWebDriver.java:552)
	at com.kms.katalon.selenium.driver.CChromeDriver.execute(CChromeDriver.java:19)
	at org.openqa.selenium.remote.RemoteWebDriver.execute(RemoteWebDriver.java:609)
	at org.openqa.selenium.remote.RemoteWebDriver.getScreenshotAs(RemoteWebDriver.java:295)
	at com.kms.katalon.core.webui.util.FileUtil.takeDefaultScreenshot(FileUtil.java:333)
	at com.kms.katalon.core.webui.util.FileUtil.takesScreenshot(FileUtil.java:58)
	at com.kms.katalon.core.webui.keyword.builtin.TakeScreenshotKeyword$_takeScreenshot_closure1.doCall(TakeScreenshotKeyword.groovy:127)
	at com.kms.katalon.core.webui.keyword.builtin.TakeScreenshotKeyword$_takeScreenshot_closure1.call(TakeScreenshotKeyword.groovy)
	at com.kms.katalon.core.webui.keyword.internal.WebUIKeywordMain.runKeyword(WebUIKeywordMain.groovy:20)
	... 20 more]]></system-out>
         <system-err><![CDATA[]]></system-err>
      </testcase>
      <testcase name="Test Cases/Main Test Cases/TC02_Dashboard_Visual_Check" time="11.349" classname="Test Cases/Main Test Cases/TC02_Dashboard_Visual_Check" status="PASSED">
         <system-out><![CDATA[2026-01-17 11:43:08 - [TEST_CASE][PASSED] - Test Cases/Main Test Cases/TC02_Dashboard_Visual_Check: Test Cases/Main Test Cases/TC02_Dashboard_Visual_Check

2026-01-17 11:43:08 - [TEST_STEP][PASSED] - Start listener action : beforeTestCase: Object 'Object Repository/Menu/menu_devices' is present

2026-01-17 11:43:08 - [TEST_STEP][PASSED] - openBrowser(""): Browser is opened with url: ''

2026-01-17 11:43:08 - [MESSAGE][INFO] - Starting 'Chrome' driver

2026-01-17 11:43:08 - [MESSAGE][INFO] - Action delay is set to 0 milliseconds

2026-01-17 11:43:10 - [MESSAGE][PASSED] - Browser is opened with url: ''

2026-01-17 11:43:10 - [TEST_STEP][PASSED] - maximizeWindow(): Current window maximized

2026-01-17 11:43:10 - [MESSAGE][PASSED] - Current window maximized

2026-01-17 11:43:10 - [TEST_STEP][PASSED] - navigateToUrl("https://demo.librenms.org"): Navigate to 'https://demo.librenms.org' successfully

2026-01-17 11:43:11 - [MESSAGE][PASSED] - Navigate to 'https://demo.librenms.org' successfully

2026-01-17 11:43:11 - [TEST_STEP][PASSED] - setText(findTestObject("Login/input_username"), "demo"): Text 'demo' is set on object 'Object Repository/Login/input_username'

2026-01-17 11:43:11 - [MESSAGE][PASSED] - Text 'demo' is set on object 'Object Repository/Login/input_username'

2026-01-17 11:43:11 - [TEST_STEP][PASSED] - setText(findTestObject("Login/input_password"), "demouser"): Text 'demouser' is set on object 'Object Repository/Login/input_password'

2026-01-17 11:43:11 - [MESSAGE][PASSED] - Text 'demouser' is set on object 'Object Repository/Login/input_password'

2026-01-17 11:43:11 - [TEST_STEP][PASSED] - click(findTestObject("Login/button_login")): Object: 'Object Repository/Login/button_login' is clicked on

2026-01-17 11:43:11 - [MESSAGE][PASSED] - Object: 'Object Repository/Login/button_login' is clicked on

2026-01-17 11:43:11 - [TEST_STEP][PASSED] - verifyElementPresent(findTestObject("Menu/menu_devices"), 10): Object 'Object Repository/Menu/menu_devices' is present

2026-01-17 11:43:13 - [MESSAGE][PASSED] - Object 'Object Repository/Menu/menu_devices' is present

2026-01-17 11:43:13 - [TEST_STEP][PASSED] - waitForPageLoad(20): Wait for page load successfully

2026-01-17 11:43:13 - [MESSAGE][PASSED] - Wait for page load successfully

2026-01-17 11:43:13 - [TEST_STEP][PASSED] - navigateToUrl("https://demo.librenms.org/overview"): Navigate to 'https://demo.librenms.org/overview' successfully

2026-01-17 11:43:14 - [MESSAGE][PASSED] - Navigate to 'https://demo.librenms.org/overview' successfully

2026-01-17 11:43:14 - [TEST_STEP][PASSED] - delay(5): Delayed 5 second(s)

2026-01-17 11:43:19 - [MESSAGE][PASSED] - Delayed 5 second(s)

2026-01-17 11:43:19 - [TEST_STEP][PASSED] - js = getWebDriver(): null

2026-01-17 11:43:19 - [TEST_STEP][PASSED] - assert js.executeScript("return document.readyState") == "complete": null

2026-01-17 11:43:19 - [TEST_STEP][PASSED] - assert js.executeScript("return window.onerror == null") == true: null

2026-01-17 11:43:19 - [TEST_STEP][PASSED] - assert js.executeScript("return (window.jQuery && jQuery.active === 0)") == true: null

2026-01-17 11:43:19 - [TEST_STEP][PASSED] - pageText = toString().trim(): null

2026-01-17 11:43:19 - [TEST_STEP][PASSED] - assert pageText.length() > 50 : "âŒ Dashboard rendered empty content": null

2026-01-17 11:43:19 - [TEST_STEP][PASSED] - takeScreenshot(): Taking screenshot successfully

2026-01-17 11:43:19 - [MESSAGE][PASSED] - Taking screenshot successfully
[[ATTACHMENT|C:\\Users\\QAN840\\Katalon Studio\\LibreNMS-Katalon-POC\\Reports\\20260117_114259\\Regression\\20260117_114259\\1768624999357.png]]

2026-01-17 11:43:19 - [TEST_STEP][PASSED] - closeBrowser(): Browser is closed

2026-01-17 11:43:20 - [MESSAGE][PASSED] - Browser is closed

2026-01-17 11:43:20 - [TEST_STEP][ERROR] - Start listener action : takeScreenshot: com.kms.katalon.core.exception.StepFailedException: Cannot take screenshot
	at com.kms.katalon.core.webui.keyword.internal.WebUIKeywordMain.stepFailed(WebUIKeywordMain.groovy:64)
	at com.kms.katalon.core.webui.keyword.internal.WebUIKeywordMain.runKeyword(WebUIKeywordMain.groovy:26)
	at com.kms.katalon.core.webui.keyword.builtin.TakeScreenshotKeyword.takeScreenshot(TakeScreenshotKeyword.groovy:126)
	at com.kms.katalon.core.webui.keyword.builtin.TakeScreenshotKeyword.execute(TakeScreenshotKeyword.groovy:84)
	at com.kms.katalon.core.keyword.internal.KeywordExecutor.executeKeywordForPlatform(KeywordExecutor.groovy:74)
	at com.kms.katalon.core.webui.keyword.WebUiBuiltInKeywords.takeScreenshot(WebUiBuiltInKeywords.groovy:2927)
	at com.kms.katalon.core.webui.keyword.WebUiBuiltInKeywords$takeScreenshot$9.call(Unknown Source)
	at TestListener.takeScreenshot(TestListener.groovy:25)
	at TestListener.invokeMethod(TestListener.groovy)
	at com.kms.katalon.core.context.internal.TestHooker.invokeMethod(TestHooker.java:111)
	at com.kms.katalon.core.context.internal.TestHooker.lambda$3(TestHooker.java:95)
	at com.kms.katalon.core.context.internal.TestHooker.invokeContextMethods(TestHooker.java:94)
	at com.kms.katalon.core.context.internal.TestListenerCollector.lambda$3(TestListenerCollector.java:88)
	at com.kms.katalon.core.context.internal.TestListenerCollector.handleListenerEvent(TestListenerCollector.java:85)
	at com.kms.katalon.core.context.internal.ExecutionEventManager.publicEvent(ExecutionEventManager.java:36)
	at com.kms.katalon.core.main.TestCaseExecutor.execute(TestCaseExecutor.java:315)
	at com.kms.katalon.core.common.CommonExecutor.accessTestCaseMainPhase(CommonExecutor.java:65)
	at com.kms.katalon.core.main.TestSuiteExecutor.accessTestSuiteMainPhase(TestSuiteExecutor.java:148)
	at com.kms.katalon.core.main.TestSuiteExecutor.execute(TestSuiteExecutor.java:106)
	at com.kms.katalon.core.main.TestCaseMain.startTestSuite(TestCaseMain.java:187)
	at com.kms.katalon.core.main.TestCaseMain$startTestSuite$0.call(Unknown Source)
	at TempTestSuite1768624979379.run(TempTestSuite1768624979379.groovy:36)
Caused by: org.openqa.selenium.NoSuchSessionException: Session ID is null. Using WebDriver after calling quit()?
Build info: version: '3.141.59', revision: 'e82be7d358', time: '2018-11-14T08:25:53'
System info: host: 'SVNSGNL209491', ip: '192.168.88.118', os.name: 'Windows 10', os.arch: 'amd64', os.version: '10.0', java.version: '1.8.0_282'
Driver info: driver.version: RemoteWebDriver
	at org.openqa.selenium.remote.HttpCommandExecutor.execute(HttpCommandExecutor.java:125)
	at org.openqa.selenium.remote.service.DriverCommandExecutor.execute(DriverCommandExecutor.java:83)
	at org.openqa.selenium.remote.RemoteWebDriver.execute(RemoteWebDriver.java:552)
	at com.kms.katalon.selenium.driver.CChromeDriver.execute(CChromeDriver.java:19)
	at org.openqa.selenium.remote.RemoteWebDriver.execute(RemoteWebDriver.java:609)
	at org.openqa.selenium.remote.RemoteWebDriver.getScreenshotAs(RemoteWebDriver.java:295)
	at com.kms.katalon.core.webui.util.FileUtil.takeDefaultScreenshot(FileUtil.java:333)
	at com.kms.katalon.core.webui.util.FileUtil.takesScreenshot(FileUtil.java:58)
	at com.kms.katalon.core.webui.keyword.builtin.TakeScreenshotKeyword$_takeScreenshot_closure1.doCall(TakeScreenshotKeyword.groovy:127)
	at com.kms.katalon.core.webui.keyword.builtin.TakeScreenshotKeyword$_takeScreenshot_closure1.call(TakeScreenshotKeyword.groovy)
	at com.kms.katalon.core.webui.keyword.internal.WebUIKeywordMain.runKeyword(WebUIKeywordMain.groovy:20)
	... 20 more


2026-01-17 11:43:20 - [TEST_STEP][PASSED] - status = testCaseContext.getTestCaseStatus(): null

2026-01-17 11:43:20 - [TEST_STEP][PASSED] - tcName = getTestCaseId().replaceAll("[^a-zA-Z0-9]", "_"): null

2026-01-17 11:43:20 - [TEST_STEP][PASSED] - fileName = tcName + "_" + status + ".png": null

2026-01-17 11:43:20 - [TEST_STEP][ERROR] - takeScreenshot("Reports/" + fileName): com.kms.katalon.core.exception.StepFailedException: Cannot take screenshot
	at com.kms.katalon.core.webui.keyword.internal.WebUIKeywordMain.stepFailed(WebUIKeywordMain.groovy:64)
	at com.kms.katalon.core.webui.keyword.internal.WebUIKeywordMain.runKeyword(WebUIKeywordMain.groovy:26)
	at com.kms.katalon.core.webui.keyword.builtin.TakeScreenshotKeyword.takeScreenshot(TakeScreenshotKeyword.groovy:126)
	at com.kms.katalon.core.webui.keyword.builtin.TakeScreenshotKeyword.execute(TakeScreenshotKeyword.groovy:84)
	at com.kms.katalon.core.keyword.internal.KeywordExecutor.executeKeywordForPlatform(KeywordExecutor.groovy:74)
	at com.kms.katalon.core.webui.keyword.WebUiBuiltInKeywords.takeScreenshot(WebUiBuiltInKeywords.groovy:2927)
	at com.kms.katalon.core.webui.keyword.WebUiBuiltInKeywords$takeScreenshot$9.call(Unknown Source)
	at TestListener.takeScreenshot(TestListener.groovy:25)
	at TestListener.invokeMethod(TestListener.groovy)
	at com.kms.katalon.core.context.internal.TestHooker.invokeMethod(TestHooker.java:111)
	at com.kms.katalon.core.context.internal.TestHooker.lambda$3(TestHooker.java:95)
	at com.kms.katalon.core.context.internal.TestHooker.invokeContextMethods(TestHooker.java:94)
	at com.kms.katalon.core.context.internal.TestListenerCollector.lambda$3(TestListenerCollector.java:88)
	at com.kms.katalon.core.context.internal.TestListenerCollector.handleListenerEvent(TestListenerCollector.java:85)
	at com.kms.katalon.core.context.internal.ExecutionEventManager.publicEvent(ExecutionEventManager.java:36)
	at com.kms.katalon.core.main.TestCaseExecutor.execute(TestCaseExecutor.java:315)
	at com.kms.katalon.core.common.CommonExecutor.accessTestCaseMainPhase(CommonExecutor.java:65)
	at com.kms.katalon.core.main.TestSuiteExecutor.accessTestSuiteMainPhase(TestSuiteExecutor.java:148)
	at com.kms.katalon.core.main.TestSuiteExecutor.execute(TestSuiteExecutor.java:106)
	at com.kms.katalon.core.main.TestCaseMain.startTestSuite(TestCaseMain.java:187)
	at com.kms.katalon.core.main.TestCaseMain$startTestSuite$0.call(Unknown Source)
	at TempTestSuite1768624979379.run(TempTestSuite1768624979379.groovy:36)
Caused by: org.openqa.selenium.NoSuchSessionException: Session ID is null. Using WebDriver after calling quit()?
Build info: version: '3.141.59', revision: 'e82be7d358', time: '2018-11-14T08:25:53'
System info: host: 'SVNSGNL209491', ip: '192.168.88.118', os.name: 'Windows 10', os.arch: 'amd64', os.version: '10.0', java.version: '1.8.0_282'
Driver info: driver.version: RemoteWebDriver
	at org.openqa.selenium.remote.HttpCommandExecutor.execute(HttpCommandExecutor.java:125)
	at org.openqa.selenium.remote.service.DriverCommandExecutor.execute(DriverCommandExecutor.java:83)
	at org.openqa.selenium.remote.RemoteWebDriver.execute(RemoteWebDriver.java:552)
	at com.kms.katalon.selenium.driver.CChromeDriver.execute(CChromeDriver.java:19)
	at org.openqa.selenium.remote.RemoteWebDriver.execute(RemoteWebDriver.java:609)
	at org.openqa.selenium.remote.RemoteWebDriver.getScreenshotAs(RemoteWebDriver.java:295)
	at com.kms.katalon.core.webui.util.FileUtil.takeDefaultScreenshot(FileUtil.java:333)
	at com.kms.katalon.core.webui.util.FileUtil.takesScreenshot(FileUtil.java:58)
	at com.kms.katalon.core.webui.keyword.builtin.TakeScreenshotKeyword$_takeScreenshot_closure1.doCall(TakeScreenshotKeyword.groovy:127)
	at com.kms.katalon.core.webui.keyword.builtin.TakeScreenshotKeyword$_takeScreenshot_closure1.call(TakeScreenshotKeyword.groovy)
	at com.kms.katalon.core.webui.keyword.internal.WebUIKeywordMain.runKeyword(WebUIKeywordMain.groovy:20)
	... 20 more


2026-01-17 11:43:20 - [MESSAGE][FAILED] - Cannot take screenshot (Root cause: com.kms.katalon.core.exception.StepFailedException: Cannot take screenshot
	at com.kms.katalon.core.webui.keyword.internal.WebUIKeywordMain.stepFailed(WebUIKeywordMain.groovy:64)
	at com.kms.katalon.core.webui.keyword.internal.WebUIKeywordMain.runKeyword(WebUIKeywordMain.groovy:26)
	at com.kms.katalon.core.webui.keyword.builtin.TakeScreenshotKeyword.takeScreenshot(TakeScreenshotKeyword.groovy:126)
	at com.kms.katalon.core.webui.keyword.builtin.TakeScreenshotKeyword.execute(TakeScreenshotKeyword.groovy:84)
	at com.kms.katalon.core.keyword.internal.KeywordExecutor.executeKeywordForPlatform(KeywordExecutor.groovy:74)
	at com.kms.katalon.core.webui.keyword.WebUiBuiltInKeywords.takeScreenshot(WebUiBuiltInKeywords.groovy:2927)
	at com.kms.katalon.core.webui.keyword.WebUiBuiltInKeywords$takeScreenshot$9.call(Unknown Source)
	at TestListener.takeScreenshot(TestListener.groovy:25)
	at TestListener.invokeMethod(TestListener.groovy)
	at com.kms.katalon.core.context.internal.TestHooker.invokeMethod(TestHooker.java:111)
	at com.kms.katalon.core.context.internal.TestHooker.lambda$3(TestHooker.java:95)
	at com.kms.katalon.core.context.internal.TestHooker.invokeContextMethods(TestHooker.java:94)
	at com.kms.katalon.core.context.internal.TestListenerCollector.lambda$3(TestListenerCollector.java:88)
	at com.kms.katalon.core.context.internal.TestListenerCollector.handleListenerEvent(TestListenerCollector.java:85)
	at com.kms.katalon.core.context.internal.ExecutionEventManager.publicEvent(ExecutionEventManager.java:36)
	at com.kms.katalon.core.main.TestCaseExecutor.execute(TestCaseExecutor.java:315)
	at com.kms.katalon.core.common.CommonExecutor.accessTestCaseMainPhase(CommonExecutor.java:65)
	at com.kms.katalon.core.main.TestSuiteExecutor.accessTestSuiteMainPhase(TestSuiteExecutor.java:148)
	at com.kms.katalon.core.main.TestSuiteExecutor.execute(TestSuiteExecutor.java:106)
	at com.kms.katalon.core.main.TestCaseMain.startTestSuite(TestCaseMain.java:187)
	at com.kms.katalon.core.main.TestCaseMain$startTestSuite$0.call(Unknown Source)
	at TempTestSuite1768624979379.run(TempTestSuite1768624979379.groovy:36)
Caused by: org.openqa.selenium.NoSuchSessionException: Session ID is null. Using WebDriver after calling quit()?
Build info: version: '3.141.59', revision: 'e82be7d358', time: '2018-11-14T08:25:53'
System info: host: 'SVNSGNL209491', ip: '192.168.88.118', os.name: 'Windows 10', os.arch: 'amd64', os.version: '10.0', java.version: '1.8.0_282'
Driver info: driver.version: RemoteWebDriver
	at org.openqa.selenium.remote.HttpCommandExecutor.execute(HttpCommandExecutor.java:125)
	at org.openqa.selenium.remote.service.DriverCommandExecutor.execute(DriverCommandExecutor.java:83)
	at org.openqa.selenium.remote.RemoteWebDriver.execute(RemoteWebDriver.java:552)
	at com.kms.katalon.selenium.driver.CChromeDriver.execute(CChromeDriver.java:19)
	at org.openqa.selenium.remote.RemoteWebDriver.execute(RemoteWebDriver.java:609)
	at org.openqa.selenium.remote.RemoteWebDriver.getScreenshotAs(RemoteWebDriver.java:295)
	at com.kms.katalon.core.webui.util.FileUtil.takeDefaultScreenshot(FileUtil.java:333)
	at com.kms.katalon.core.webui.util.FileUtil.takesScreenshot(FileUtil.java:58)
	at com.kms.katalon.core.webui.keyword.builtin.TakeScreenshotKeyword$_takeScreenshot_closure1.doCall(TakeScreenshotKeyword.groovy:127)
	at com.kms.katalon.core.webui.keyword.builtin.TakeScreenshotKeyword$_takeScreenshot_closure1.call(TakeScreenshotKeyword.groovy)
	at com.kms.katalon.core.webui.keyword.internal.WebUIKeywordMain.runKeyword(WebUIKeywordMain.groovy:20)
	... 20 more
)

2026-01-17 11:43:20 - [MESSAGE][ERROR] - com.kms.katalon.core.exception.StepFailedException: Cannot take screenshot
	at com.kms.katalon.core.webui.keyword.internal.WebUIKeywordMain.stepFailed(WebUIKeywordMain.groovy:64)
	at com.kms.katalon.core.webui.keyword.internal.WebUIKeywordMain.runKeyword(WebUIKeywordMain.groovy:26)
	at com.kms.katalon.core.webui.keyword.builtin.TakeScreenshotKeyword.takeScreenshot(TakeScreenshotKeyword.groovy:126)
	at com.kms.katalon.core.webui.keyword.builtin.TakeScreenshotKeyword.execute(TakeScreenshotKeyword.groovy:84)
	at com.kms.katalon.core.keyword.internal.KeywordExecutor.executeKeywordForPlatform(KeywordExecutor.groovy:74)
	at com.kms.katalon.core.webui.keyword.WebUiBuiltInKeywords.takeScreenshot(WebUiBuiltInKeywords.groovy:2927)
	at com.kms.katalon.core.webui.keyword.WebUiBuiltInKeywords$takeScreenshot$9.call(Unknown Source)
	at TestListener.takeScreenshot(TestListener.groovy:25)
	at TestListener.invokeMethod(TestListener.groovy)
	at com.kms.katalon.core.context.internal.TestHooker.invokeMethod(TestHooker.java:111)
	at com.kms.katalon.core.context.internal.TestHooker.lambda$3(TestHooker.java:95)
	at com.kms.katalon.core.context.internal.TestHooker.invokeContextMethods(TestHooker.java:94)
	at com.kms.katalon.core.context.internal.TestListenerCollector.lambda$3(TestListenerCollector.java:88)
	at com.kms.katalon.core.context.internal.TestListenerCollector.handleListenerEvent(TestListenerCollector.java:85)
	at com.kms.katalon.core.context.internal.ExecutionEventManager.publicEvent(ExecutionEventManager.java:36)
	at com.kms.katalon.core.main.TestCaseExecutor.execute(TestCaseExecutor.java:315)
	at com.kms.katalon.core.common.CommonExecutor.accessTestCaseMainPhase(CommonExecutor.java:65)
	at com.kms.katalon.core.main.TestSuiteExecutor.accessTestSuiteMainPhase(TestSuiteExecutor.java:148)
	at com.kms.katalon.core.main.TestSuiteExecutor.execute(TestSuiteExecutor.java:106)
	at com.kms.katalon.core.main.TestCaseMain.startTestSuite(TestCaseMain.java:187)
	at com.kms.katalon.core.main.TestCaseMain$startTestSuite$0.call(Unknown Source)
	at TempTestSuite1768624979379.run(TempTestSuite1768624979379.groovy:36)
Caused by: org.openqa.selenium.NoSuchSessionException: Session ID is null. Using WebDriver after calling quit()?
Build info: version: '3.141.59', revision: 'e82be7d358', time: '2018-11-14T08:25:53'
System info: host: 'SVNSGNL209491', ip: '192.168.88.118', os.name: 'Windows 10', os.arch: 'amd64', os.version: '10.0', java.version: '1.8.0_282'
Driver info: driver.version: RemoteWebDriver
	at org.openqa.selenium.remote.HttpCommandExecutor.execute(HttpCommandExecutor.java:125)
	at org.openqa.selenium.remote.service.DriverCommandExecutor.execute(DriverCommandExecutor.java:83)
	at org.openqa.selenium.remote.RemoteWebDriver.execute(RemoteWebDriver.java:552)
	at com.kms.katalon.selenium.driver.CChromeDriver.execute(CChromeDriver.java:19)
	at org.openqa.selenium.remote.RemoteWebDriver.execute(RemoteWebDriver.java:609)
	at org.openqa.selenium.remote.RemoteWebDriver.getScreenshotAs(RemoteWebDriver.java:295)
	at com.kms.katalon.core.webui.util.FileUtil.takeDefaultScreenshot(FileUtil.java:333)
	at com.kms.katalon.core.webui.util.FileUtil.takesScreenshot(FileUtil.java:58)
	at com.kms.katalon.core.webui.keyword.builtin.TakeScreenshotKeyword$_takeScreenshot_closure1.doCall(TakeScreenshotKeyword.groovy:127)
	at com.kms.katalon.core.webui.keyword.builtin.TakeScreenshotKeyword$_takeScreenshot_closure1.call(TakeScreenshotKeyword.groovy)
	at com.kms.katalon.core.webui.keyword.internal.WebUIKeywordMain.runKeyword(WebUIKeywordMain.groovy:20)
	... 20 more]]></system-out>
         <system-err><![CDATA[]]></system-err>
      </testcase>
      <testcase name="Test Cases/Main Test Cases/TC03_Hybrid_Data_Injection" time="4.184" classname="Test Cases/Main Test Cases/TC03_Hybrid_Data_Injection" status="PASSED">
         <system-out><![CDATA[2026-01-17 11:43:20 - [TEST_CASE][PASSED] - Test Cases/Main Test Cases/TC03_Hybrid_Data_Injection: Test Cases/Main Test Cases/TC03_Hybrid_Data_Injection

2026-01-17 11:43:20 - [TEST_STEP][PASSED] - Start listener action : beforeTestCase: Object 'Object Repository/Menu/menu_devices' is present

2026-01-17 11:43:20 - [TEST_STEP][PASSED] - openBrowser(""): Browser is opened with url: ''

2026-01-17 11:43:20 - [MESSAGE][INFO] - Starting 'Chrome' driver

2026-01-17 11:43:20 - [MESSAGE][INFO] - Action delay is set to 0 milliseconds

2026-01-17 11:43:21 - [MESSAGE][PASSED] - Browser is opened with url: ''

2026-01-17 11:43:21 - [TEST_STEP][PASSED] - maximizeWindow(): Current window maximized

2026-01-17 11:43:21 - [MESSAGE][PASSED] - Current window maximized

2026-01-17 11:43:21 - [TEST_STEP][PASSED] - navigateToUrl("https://demo.librenms.org"): Navigate to 'https://demo.librenms.org' successfully

2026-01-17 11:43:22 - [MESSAGE][PASSED] - Navigate to 'https://demo.librenms.org' successfully

2026-01-17 11:43:22 - [TEST_STEP][PASSED] - setText(findTestObject("Login/input_username"), "demo"): Text 'demo' is set on object 'Object Repository/Login/input_username'

2026-01-17 11:43:22 - [MESSAGE][PASSED] - Text 'demo' is set on object 'Object Repository/Login/input_username'

2026-01-17 11:43:22 - [TEST_STEP][PASSED] - setText(findTestObject("Login/input_password"), "demouser"): Text 'demouser' is set on object 'Object Repository/Login/input_password'

2026-01-17 11:43:22 - [MESSAGE][PASSED] - Text 'demouser' is set on object 'Object Repository/Login/input_password'

2026-01-17 11:43:22 - [TEST_STEP][PASSED] - click(findTestObject("Login/button_login")): Object: 'Object Repository/Login/button_login' is clicked on

2026-01-17 11:43:22 - [MESSAGE][PASSED] - Object: 'Object Repository/Login/button_login' is clicked on

2026-01-17 11:43:22 - [TEST_STEP][PASSED] - verifyElementPresent(findTestObject("Menu/menu_devices"), 10): Object 'Object Repository/Menu/menu_devices' is present

2026-01-17 11:43:23 - [MESSAGE][PASSED] - Object 'Object Repository/Menu/menu_devices' is present

2026-01-17 11:43:24 - [TEST_STEP][PASSED] - MAX_RETRY = 2: null

2026-01-17 11:43:24 - [TEST_STEP][PASSED] - TIMEOUT = 60000: null

2026-01-17 11:43:24 - [TEST_STEP][PASSED] - backendAvailable = false: null

2026-01-17 11:43:24 - [TEST_STEP][PASSED] - response = null: null

2026-01-17 11:43:24 - [TEST_STEP][PASSED] - request = findTestObject("API/Inject_Device"): null

2026-01-17 11:43:24 - [TEST_STEP][PASSED] - if (request == null): null

2026-01-17 11:43:24 - [TEST_STEP][PASSED] - logInfo("âš™ Loaded API TestObject: API/Inject_Device"): âš™ Loaded API TestObject: API/Inject_Device

2026-01-17 11:43:24 - [MESSAGE][INFO] - âš™ Loaded API TestObject: API/Inject_Device

2026-01-17 11:43:24 - [TEST_STEP][PASSED] - retry = 0: null

2026-01-17 11:43:24 - [TEST_STEP][PASSED] - while (retry <= MAX_RETRY && !(backendAvailable)): null

2026-01-17 11:43:24 - [TEST_STEP][PASSED] - try: null

2026-01-17 11:43:24 - [TEST_STEP][PASSED] - logInfo(ðŸŒ Attempting API injection (retry = $retry)): ðŸŒ Attempting API injection (retry = 0)

2026-01-17 11:43:24 - [MESSAGE][INFO] - ðŸŒ Attempting API injection (retry = 0)

2026-01-17 11:43:24 - [TEST_STEP][PASSED] - response = sendRequest(request, TIMEOUT): null

2026-01-17 11:43:24 - [TEST_STEP][PASSED] - catch (Exception e): âš  Connection error: No signature of method: static com.kms.katalon.core.webservice.keyword.WSBuiltInKeywords.sendRequest() is applicable for argument types: (com.kms.katalon.core.testobject.RequestObject, java.lang.Integer) values: [TestObject - 'Object Repository/API/Inject_Device', 60000]
Possible solutions: sendRequest(com.kms.katalon.core.testobject.RequestObject), sendRequest(com.kms.katalon.core.testobject.RequestObject, com.kms.katalon.core.model.FailureHandling)

2026-01-17 11:43:24 - [TEST_STEP][PASSED] - markWarning(âš  Connection error: $e.getMessage()): âš  Connection error: No signature of method: static com.kms.katalon.core.webservice.keyword.WSBuiltInKeywords.sendRequest() is applicable for argument types: (com.kms.katalon.core.testobject.RequestObject, java.lang.Integer) values: [TestObject - 'Object Repository/API/Inject_Device', 60000]
Possible solutions: sendRequest(com.kms.katalon.core.testobject.RequestObject), sendRequest(com.kms.katalon.core.testobject.RequestObject, com.kms.katalon.core.model.FailureHandling)

2026-01-17 11:43:24 - [MESSAGE][WARNING] - âš  Connection error: No signature of method: static com.kms.katalon.core.webservice.keyword.WSBuiltInKeywords.sendRequest() is applicable for argument types: (com.kms.katalon.core.testobject.RequestObject, java.lang.Integer) values: [TestObject - 'Object Repository/API/Inject_Device', 60000]
Possible solutions: sendRequest(com.kms.katalon.core.testobject.RequestObject), sendRequest(com.kms.katalon.core.testobject.RequestObject, com.kms.katalon.core.model.FailureHandling)

2026-01-17 11:43:24 - [TEST_STEP][PASSED] - if (!(backendAvailable)): null

2026-01-17 11:43:24 - [TEST_STEP][PASSED] - try: null

2026-01-17 11:43:24 - [TEST_STEP][PASSED] - logInfo(ðŸŒ Attempting API injection (retry = $retry)): ðŸŒ Attempting API injection (retry = 1)

2026-01-17 11:43:24 - [MESSAGE][INFO] - ðŸŒ Attempting API injection (retry = 1)

2026-01-17 11:43:24 - [TEST_STEP][PASSED] - response = sendRequest(request, TIMEOUT): null

2026-01-17 11:43:24 - [TEST_STEP][PASSED] - catch (Exception e): âš  Connection error: No signature of method: static com.kms.katalon.core.webservice.keyword.WSBuiltInKeywords.sendRequest() is applicable for argument types: (com.kms.katalon.core.testobject.RequestObject, java.lang.Integer) values: [TestObject - 'Object Repository/API/Inject_Device', 60000]
Possible solutions: sendRequest(com.kms.katalon.core.testobject.RequestObject), sendRequest(com.kms.katalon.core.testobject.RequestObject, com.kms.katalon.core.model.FailureHandling)

2026-01-17 11:43:24 - [TEST_STEP][PASSED] - markWarning(âš  Connection error: $e.getMessage()): âš  Connection error: No signature of method: static com.kms.katalon.core.webservice.keyword.WSBuiltInKeywords.sendRequest() is applicable for argument types: (com.kms.katalon.core.testobject.RequestObject, java.lang.Integer) values: [TestObject - 'Object Repository/API/Inject_Device', 60000]
Possible solutions: sendRequest(com.kms.katalon.core.testobject.RequestObject), sendRequest(com.kms.katalon.core.testobject.RequestObject, com.kms.katalon.core.model.FailureHandling)

2026-01-17 11:43:24 - [MESSAGE][WARNING] - âš  Connection error: No signature of method: static com.kms.katalon.core.webservice.keyword.WSBuiltInKeywords.sendRequest() is applicable for argument types: (com.kms.katalon.core.testobject.RequestObject, java.lang.Integer) values: [TestObject - 'Object Repository/API/Inject_Device', 60000]
Possible solutions: sendRequest(com.kms.katalon.core.testobject.RequestObject), sendRequest(com.kms.katalon.core.testobject.RequestObject, com.kms.katalon.core.model.FailureHandling)

2026-01-17 11:43:24 - [TEST_STEP][PASSED] - if (!(backendAvailable)): null

2026-01-17 11:43:24 - [TEST_STEP][PASSED] - try: null

2026-01-17 11:43:24 - [TEST_STEP][PASSED] - logInfo(ðŸŒ Attempting API injection (retry = $retry)): ðŸŒ Attempting API injection (retry = 2)

2026-01-17 11:43:24 - [MESSAGE][INFO] - ðŸŒ Attempting API injection (retry = 2)

2026-01-17 11:43:24 - [TEST_STEP][PASSED] - response = sendRequest(request, TIMEOUT): null

2026-01-17 11:43:24 - [TEST_STEP][PASSED] - catch (Exception e): âš  Connection error: No signature of method: static com.kms.katalon.core.webservice.keyword.WSBuiltInKeywords.sendRequest() is applicable for argument types: (com.kms.katalon.core.testobject.RequestObject, java.lang.Integer) values: [TestObject - 'Object Repository/API/Inject_Device', 60000]
Possible solutions: sendRequest(com.kms.katalon.core.testobject.RequestObject), sendRequest(com.kms.katalon.core.testobject.RequestObject, com.kms.katalon.core.model.FailureHandling)

2026-01-17 11:43:24 - [TEST_STEP][PASSED] - markWarning(âš  Connection error: $e.getMessage()): âš  Connection error: No signature of method: static com.kms.katalon.core.webservice.keyword.WSBuiltInKeywords.sendRequest() is applicable for argument types: (com.kms.katalon.core.testobject.RequestObject, java.lang.Integer) values: [TestObject - 'Object Repository/API/Inject_Device', 60000]
Possible solutions: sendRequest(com.kms.katalon.core.testobject.RequestObject), sendRequest(com.kms.katalon.core.testobject.RequestObject, com.kms.katalon.core.model.FailureHandling)

2026-01-17 11:43:24 - [MESSAGE][WARNING] - âš  Connection error: No signature of method: static com.kms.katalon.core.webservice.keyword.WSBuiltInKeywords.sendRequest() is applicable for argument types: (com.kms.katalon.core.testobject.RequestObject, java.lang.Integer) values: [TestObject - 'Object Repository/API/Inject_Device', 60000]
Possible solutions: sendRequest(com.kms.katalon.core.testobject.RequestObject), sendRequest(com.kms.katalon.core.testobject.RequestObject, com.kms.katalon.core.model.FailureHandling)

2026-01-17 11:43:24 - [TEST_STEP][PASSED] - if (!(backendAvailable)): null

2026-01-17 11:43:24 - [TEST_STEP][PASSED] - if (!(backendAvailable)): null

2026-01-17 11:43:24 - [TEST_STEP][PASSED] - markWarning(â›” Backend unreachable after $MAX_RETRY retries â†’ Skipping TC03.): â›” Backend unreachable after 2 retries â†’ Skipping TC03.

2026-01-17 11:43:24 - [MESSAGE][WARNING] - â›” Backend unreachable after 2 retries â†’ Skipping TC03.

2026-01-17 11:43:24 - [TEST_STEP][PASSED] - return null: null

2026-01-17 11:43:24 - [TEST_STEP][PASSED] - Start listener action : takeScreenshot: Taking screenshot successfully

2026-01-17 11:43:24 - [TEST_STEP][PASSED] - status = testCaseContext.getTestCaseStatus(): null

2026-01-17 11:43:24 - [TEST_STEP][PASSED] - tcName = getTestCaseId().replaceAll("[^a-zA-Z0-9]", "_"): null

2026-01-17 11:43:24 - [TEST_STEP][PASSED] - fileName = tcName + "_" + status + ".png": null

2026-01-17 11:43:24 - [TEST_STEP][PASSED] - takeScreenshot("Reports/" + fileName): Taking screenshot successfully

2026-01-17 11:43:24 - [MESSAGE][PASSED] - Taking screenshot successfully
[[ATTACHMENT|C:\\Users\\QAN840\\Katalon Studio\\LibreNMS-Katalon-POC\\Reports\\20260117_114259\\Regression\\20260117_114259\\Reports/Test_Cases_Main_Test_Cases_TC03_Hybrid_Data_Injection_PASSED.png]]]]></system-out>
         <system-err><![CDATA[]]></system-err>
      </testcase>
      <system-out><![CDATA[2026-01-17 11:43:01 - [TEST_SUITE][PASSED] - Regression: Test Cases/Main Test Cases/TC03_Hybrid_Data_Injection]]></system-out>
      <system-err><![CDATA[]]></system-err>
   </testsuite>
</testsuites>
